Arguments: 
  /home/fabiano/.nvm/versions/node/v14.17.0/bin/node /mnt/c/Program Files (x86)/Yarn/bin/yarn.js init

PATH: 
  /home/fabiano/.vscode-server/bin/507ce72a4466fbb27b715c3722558bb15afa9f48/bin:/home/linuxbrew/.linuxbrew/bin:/home/linuxbrew/.linuxbrew/sbin:/home/fabiano/.nvm/versions/node/v14.17.0/bin:/usr/local/sbin:/usr/local/bin:/usr/sbin:/usr/bin:/sbin:/bin:/usr/games:/usr/local/games:/mnt/c/MinGW/bin:/mnt/c/Program Files (x86)/Intel/Intel(R) Management Engine Components/iCLS/:/mnt/c/Program Files/Intel/Intel(R) Management Engine Components/iCLS/:/mnt/c/WINDOWS/system32:/mnt/c/WINDOWS:/mnt/c/WINDOWS/System32/Wbem:/mnt/c/WINDOWS/System32/WindowsPowerShell/v1.0/:/mnt/c/WINDOWS/System32/OpenSSH/:/mnt/c/Program Files (x86)/Intel/Intel(R) Management Engine Components/DAL:/mnt/c/Program Files/Intel/Intel(R) Management Engine Components/DAL:/mnt/c/Program Files (x86)/Intel/Intel(R) Management Engine Components/IPT:/mnt/c/Program Files/Intel/Intel(R) Management Engine Components/IPT:/mnt/c/xampp/php:/mnt/c/ProgramData/chocolatey/bin:/mnt/c/Program Files/nodejs/:/mnt/c/Program Files (x86)/Yarn/bin/:/mnt/c/Program Files/Git/cmd:/mnt/c/Program Files/OpenJDK/openjdk-11.0.11_9/bin:/mnt/c/Android/Sdk/emulator:/mnt/c/Android/Sdk/tools:/mnt/c/Android/Sdk/tools/bin:/mnt/c/Android/Sdk/platform-tools:/mnt/c/Users/FSilva/AppData/Local/Yarn/bin:/mnt/c/Program Files/Docker/Docker/resources/bin:/mnt/c/ProgramData/DockerDesktop/version-bin:/mnt/c/Users/FSilva/AppData/Local/Microsoft/WindowsApps:/mnt/c/Users/FSilva/AppData/Local/Programs/Microsoft VS Code/bin:/mnt/c/Users/FSilva/AppData/Roaming/npm:/mnt/c/Users/FSilva/AppData/Local/GitHubDesktop/bin:/snap/bin:/home/fabiano/Android/Sdk/emulator:/home/fabiano/Android/Sdk/tools:/home/fabiano/Android/Sdk/tools/bin:/home/fabiano/Android/Sdk/platform-tools:/home/fabiano/android-studio/bin:/home/fabiano/Android/Sdk/emulator:/home/fabiano/Android/Sdk/tools:/home/fabiano/Android/Sdk/tools/bin:/home/fabiano/Android/Sdk/platform-tools:/home/fabiano/android-studio/bin

Yarn version: 
  1.22.5

Node version: 
  14.17.0

Platform: 
  linux x64

Trace: 
  Error: canceled
      at Interface.<anonymous> (/mnt/c/Program Files (x86)/Yarn/lib/cli.js:137009:13)
      at Interface.emit (events.js:376:20)
      at Interface._ttyWrite (readline.js:880:16)
      at ReadStream.onkeypress (readline.js:213:10)
      at ReadStream.emit (events.js:376:20)
      at emitKeys (internal/readline/utils.js:345:14)
      at emitKeys.next (<anonymous>)
      at ReadStream.onData (readline.js:1149:36)
      at ReadStream.emit (events.js:376:20)
      at addChunk (internal/streams/readable.js:309:12)

npm manifest: 
  No manifest

yarn manifest: 
  No manifest

Lockfile: 
  No lockfile
